app/build/outputs/logs/manifest-merger-debug-report.txt
-- Merging decision tree log ---
manifest
ADDED from src/main/AndroidManifest.xml:2:1-52:12
	xmlns:android
		ADDED from src/main/AndroidManifest.xml:2:11-69
	package
		ADDED from src/main/AndroidManifest.xml:3:11-39
		INJECTED from src/main/AndroidManifest.xml
		INJECTED from src/main/AndroidManifest.xml
	android:versionName
		ADDED from src/main/AndroidManifest.xml:5:11-36
		INJECTED from src/main/AndroidManifest.xml
		INJECTED from src/main/AndroidManifest.xml
	android:versionCode
		ADDED from src/main/AndroidManifest.xml:4:11-34
		INJECTED from src/main/AndroidManifest.xml
		INJECTED from src/main/AndroidManifest.xml
uses-feature#android.hardware.camera
ADDED from src/main/AndroidManifest.xml:7:5-60
	android:name
		ADDED from src/main/AndroidManifest.xml:7:19-57
uses-feature#android.hardware.camera.autofocus
ADDED from src/main/AndroidManifest.xml:8:5-70
	android:name
		ADDED from src/main/AndroidManifest.xml:8:19-67
uses-feature#0x00020000
ADDED from src/main/AndroidManifest.xml:9:5-78
	android:required
		ADDED from src/main/AndroidManifest.xml:9:52-75
	android:glEsVersion
		ADDED from src/main/AndroidManifest.xml:9:19-51
uses-sdk
ADDED from src/main/AndroidManifest.xml:10:5-74
	android:targetSdkVersion
		ADDED from src/main/AndroidManifest.xml:10:42-71
		INJECTED from src/main/AndroidManifest.xml
		INJECTED from src/main/AndroidManifest.xml
	android:minSdkVersion
		ADDED from src/main/AndroidManifest.xml:10:15-41
		INJECTED from src/main/AndroidManifest.xml
		INJECTED from src/main/AndroidManifest.xml
uses-permission#android.permission.CAMERA
ADDED from src/main/AndroidManifest.xml:12:5-65
	android:name
		ADDED from src/main/AndroidManifest.xml:12:22-62
uses-permission#android.permission.CHANGE_NETWORK_STATE
ADDED from src/main/AndroidManifest.xml:13:5-79
	android:name
		ADDED from src/main/AndroidManifest.xml:13:22-76
uses-permission#android.permission.MODIFY_AUDIO_SETTINGS
ADDED from src/main/AndroidManifest.xml:14:5-80
	android:name
		ADDED from src/main/AndroidManifest.xml:14:22-77
uses-permission#android.permission.RECORD_AUDIO
ADDED from src/main/AndroidManifest.xml:15:5-71
	android:name
		ADDED from src/main/AndroidManifest.xml:15:22-68
uses-permission#android.permission.INTERNET
ADDED from src/main/AndroidManifest.xml:16:5-67
	android:name
		ADDED from src/main/AndroidManifest.xml:16:22-64
uses-permission#android.permission.WRITE_EXTERNAL_STORAGE
ADDED from src/main/AndroidManifest.xml:17:5-80
	android:name
		ADDED from src/main/AndroidManifest.xml:17:22-78
uses-permission#android.permission.ACCESS_NETWORK_STATE
ADDED from src/main/AndroidManifest.xml:18:5-79
	android:name
		ADDED from src/main/AndroidManifest.xml:18:22-76
application
ADDED from src/main/AndroidManifest.xml:20:5-51:19
	android:label
		ADDED from src/main/AndroidManifest.xml:20:18-50
	android:allowBackup
		ADDED from src/main/AndroidManifest.xml:22:18-45
	android:icon
		ADDED from src/main/AndroidManifest.xml:21:18-54
activity#org.appspot.apprtc.ConnectActivity
ADDED from src/main/AndroidManifest.xml:24:9-39:20
	android:windowSoftInputMode
		ADDED from src/main/AndroidManifest.xml:26:19-58
	android:label
		ADDED from src/main/AndroidManifest.xml:25:19-51
	android:name
		ADDED from src/main/AndroidManifest.xml:24:19-49
intent-filter#android.intent.action.MAIN+android.intent.category.LAUNCHER
ADDED from src/main/AndroidManifest.xml:27:13-30:29
action#android.intent.action.MAIN
ADDED from src/main/AndroidManifest.xml:28:17-68
	android:name
		ADDED from src/main/AndroidManifest.xml:28:25-66
category#android.intent.category.LAUNCHER
ADDED from src/main/AndroidManifest.xml:29:17-76
	android:name
		ADDED from src/main/AndroidManifest.xml:29:27-74
intent-filter#android.intent.action.VIEW+android.intent.category.BROWSABLE+android.intent.category.DEFAULT
ADDED from src/main/AndroidManifest.xml:32:13-38:29
action#android.intent.action.VIEW
ADDED from src/main/AndroidManifest.xml:33:17-68
	android:name
		ADDED from src/main/AndroidManifest.xml:33:25-66
category#android.intent.category.DEFAULT
ADDED from src/main/AndroidManifest.xml:34:17-75
	android:name
		ADDED from src/main/AndroidManifest.xml:34:27-73
category#android.intent.category.BROWSABLE
ADDED from src/main/AndroidManifest.xml:35:17-77
	android:name
		ADDED from src/main/AndroidManifest.xml:35:27-75
data
ADDED from src/main/AndroidManifest.xml:36:17-70
	android:host
		ADDED from src/main/AndroidManifest.xml:36:46-68
	android:scheme
		ADDED from src/main/AndroidManifest.xml:36:23-45
activity#org.appspot.apprtc.SettingsActivity
ADDED from src/main/AndroidManifest.xml:41:9-43:20
	android:label
		ADDED from src/main/AndroidManifest.xml:42:19-56
	android:name
		ADDED from src/main/AndroidManifest.xml:41:19-50
activity#org.appspot.apprtc.CallActivity
ADDED from src/main/AndroidManifest.xml:45:9-50:20
	android:screenOrientation
		ADDED from src/main/AndroidManifest.xml:47:19-55
	android:label
		ADDED from src/main/AndroidManifest.xml:46:19-51
	android:configChanges
		ADDED from src/main/AndroidManifest.xml:48:19-65
	android:theme
		ADDED from src/main/AndroidManifest.xml:49:19-59
	android:name
		ADDED from src/main/AndroidManifest.xml:45:19-46